Analysis & Synthesis report for UART_5
Fri May 26 18:10:50 2023
Quartus II 64-Bit Version 13.0.1 Build 232 06/12/2013 Service Pack 1 SJ Web Edition


---------------------
; Table of Contents ;
---------------------
  1. Legal Notice
  2. Analysis & Synthesis Summary
  3. Analysis & Synthesis Settings
  4. Parallel Compilation
  5. Analysis & Synthesis Source Files Read
  6. Analysis & Synthesis Resource Usage Summary
  7. Analysis & Synthesis Resource Utilization by Entity
  8. State Machine - |UART_5|RX:UART_RX_instance|state
  9. State Machine - |UART_5|TX:UART_TX_instance|state
 10. General Register Statistics
 11. Multiplexer Restructuring Statistics (Restructuring Performed)
 12. Parameter Settings for User Entity Instance: TX:UART_TX_instance
 13. Parameter Settings for User Entity Instance: RX:UART_RX_instance
 14. Port Connectivity Checks: "RX:UART_RX_instance"
 15. Port Connectivity Checks: "TX:UART_TX_instance"
 16. Elapsed Time Per Partition
 17. Analysis & Synthesis Messages



----------------
; Legal Notice ;
----------------
Copyright (C) 1991-2013 Altera Corporation
Your use of Altera Corporation's design tools, logic functions 
and other software and tools, and its AMPP partner logic 
functions, and any output files from any of the foregoing 
(including device programming or simulation files), and any 
associated documentation or information are expressly subject 
to the terms and conditions of the Altera Program License 
Subscription Agreement, Altera MegaCore Function License 
Agreement, or other applicable license agreement, including, 
without limitation, that your use is for the sole purpose of 
programming logic devices manufactured by Altera and sold by 
Altera or its authorized distributors.  Please refer to the 
applicable agreement for further details.



+--------------------------------------------------------------------------------------+
; Analysis & Synthesis Summary                                                         ;
+------------------------------------+-------------------------------------------------+
; Analysis & Synthesis Status        ; Successful - Fri May 26 18:10:50 2023           ;
; Quartus II 64-Bit Version          ; 13.0.1 Build 232 06/12/2013 SP 1 SJ Web Edition ;
; Revision Name                      ; UART_5                                          ;
; Top-level Entity Name              ; UART_5                                          ;
; Family                             ; Cyclone II                                      ;
; Total logic elements               ; 218                                             ;
;     Total combinational functions  ; 170                                             ;
;     Dedicated logic registers      ; 131                                             ;
; Total registers                    ; 131                                             ;
; Total pins                         ; 48                                              ;
; Total virtual pins                 ; 0                                               ;
; Total memory bits                  ; 0                                               ;
; Embedded Multiplier 9-bit elements ; 0                                               ;
; Total PLLs                         ; 0                                               ;
+------------------------------------+-------------------------------------------------+


+----------------------------------------------------------------------------------------------------------------------+
; Analysis & Synthesis Settings                                                                                        ;
+----------------------------------------------------------------------------+--------------------+--------------------+
; Option                                                                     ; Setting            ; Default Value      ;
+----------------------------------------------------------------------------+--------------------+--------------------+
; Device                                                                     ; EP2C5T144C8        ;                    ;
; Top-level entity name                                                      ; UART_5             ; UART_5             ;
; Family name                                                                ; Cyclone II         ; Cyclone IV GX      ;
; Use smart compilation                                                      ; Off                ; Off                ;
; Enable parallel Assembler and TimeQuest Timing Analyzer during compilation ; On                 ; On                 ;
; Enable compact report table                                                ; Off                ; Off                ;
; Restructure Multiplexers                                                   ; Auto               ; Auto               ;
; Create Debugging Nodes for IP Cores                                        ; Off                ; Off                ;
; Preserve fewer node names                                                  ; On                 ; On                 ;
; Disable OpenCore Plus hardware evaluation                                  ; Off                ; Off                ;
; Verilog Version                                                            ; Verilog_2001       ; Verilog_2001       ;
; VHDL Version                                                               ; VHDL_1993          ; VHDL_1993          ;
; State Machine Processing                                                   ; Auto               ; Auto               ;
; Safe State Machine                                                         ; Off                ; Off                ;
; Extract Verilog State Machines                                             ; On                 ; On                 ;
; Extract VHDL State Machines                                                ; On                 ; On                 ;
; Ignore Verilog initial constructs                                          ; Off                ; Off                ;
; Iteration limit for constant Verilog loops                                 ; 5000               ; 5000               ;
; Iteration limit for non-constant Verilog loops                             ; 250                ; 250                ;
; Add Pass-Through Logic to Inferred RAMs                                    ; On                 ; On                 ;
; Infer RAMs from Raw Logic                                                  ; On                 ; On                 ;
; Parallel Synthesis                                                         ; On                 ; On                 ;
; DSP Block Balancing                                                        ; Auto               ; Auto               ;
; NOT Gate Push-Back                                                         ; On                 ; On                 ;
; Power-Up Don't Care                                                        ; On                 ; On                 ;
; Remove Redundant Logic Cells                                               ; Off                ; Off                ;
; Remove Duplicate Registers                                                 ; On                 ; On                 ;
; Ignore CARRY Buffers                                                       ; Off                ; Off                ;
; Ignore CASCADE Buffers                                                     ; Off                ; Off                ;
; Ignore GLOBAL Buffers                                                      ; Off                ; Off                ;
; Ignore ROW GLOBAL Buffers                                                  ; Off                ; Off                ;
; Ignore LCELL Buffers                                                       ; Off                ; Off                ;
; Ignore SOFT Buffers                                                        ; On                 ; On                 ;
; Limit AHDL Integers to 32 Bits                                             ; Off                ; Off                ;
; Optimization Technique                                                     ; Balanced           ; Balanced           ;
; Carry Chain Length                                                         ; 70                 ; 70                 ;
; Auto Carry Chains                                                          ; On                 ; On                 ;
; Auto Open-Drain Pins                                                       ; On                 ; On                 ;
; Perform WYSIWYG Primitive Resynthesis                                      ; Off                ; Off                ;
; Auto ROM Replacement                                                       ; On                 ; On                 ;
; Auto RAM Replacement                                                       ; On                 ; On                 ;
; Auto Shift Register Replacement                                            ; Auto               ; Auto               ;
; Allow Shift Register Merging across Hierarchies                            ; Auto               ; Auto               ;
; Auto Clock Enable Replacement                                              ; On                 ; On                 ;
; Strict RAM Replacement                                                     ; Off                ; Off                ;
; Allow Synchronous Control Signals                                          ; On                 ; On                 ;
; Force Use of Synchronous Clear Signals                                     ; Off                ; Off                ;
; Auto RAM to Logic Cell Conversion                                          ; Off                ; Off                ;
; Auto Resource Sharing                                                      ; Off                ; Off                ;
; Allow Any RAM Size For Recognition                                         ; Off                ; Off                ;
; Allow Any ROM Size For Recognition                                         ; Off                ; Off                ;
; Allow Any Shift Register Size For Recognition                              ; Off                ; Off                ;
; Use LogicLock Constraints during Resource Balancing                        ; On                 ; On                 ;
; Ignore translate_off and synthesis_off directives                          ; Off                ; Off                ;
; Timing-Driven Synthesis                                                    ; Off                ; Off                ;
; Report Parameter Settings                                                  ; On                 ; On                 ;
; Report Source Assignments                                                  ; On                 ; On                 ;
; Report Connectivity Checks                                                 ; On                 ; On                 ;
; Ignore Maximum Fan-Out Assignments                                         ; Off                ; Off                ;
; Synchronization Register Chain Length                                      ; 2                  ; 2                  ;
; PowerPlay Power Optimization                                               ; Normal compilation ; Normal compilation ;
; HDL message level                                                          ; Level2             ; Level2             ;
; Suppress Register Optimization Related Messages                            ; Off                ; Off                ;
; Number of Removed Registers Reported in Synthesis Report                   ; 5000               ; 5000               ;
; Number of Swept Nodes Reported in Synthesis Report                         ; 5000               ; 5000               ;
; Number of Inverted Registers Reported in Synthesis Report                  ; 100                ; 100                ;
; Clock MUX Protection                                                       ; On                 ; On                 ;
; Auto Gated Clock Conversion                                                ; Off                ; Off                ;
; Block Design Naming                                                        ; Auto               ; Auto               ;
; SDC constraint protection                                                  ; Off                ; Off                ;
; Synthesis Effort                                                           ; Auto               ; Auto               ;
; Shift Register Replacement - Allow Asynchronous Clear Signal               ; On                 ; On                 ;
; Pre-Mapping Resynthesis Optimization                                       ; Off                ; Off                ;
; Analysis & Synthesis Message Level                                         ; Medium             ; Medium             ;
; Disable Register Merging Across Hierarchies                                ; Auto               ; Auto               ;
; Resource Aware Inference For Block RAM                                     ; On                 ; On                 ;
; Synthesis Seed                                                             ; 1                  ; 1                  ;
+----------------------------------------------------------------------------+--------------------+--------------------+


Parallel compilation was disabled, but you have multiple processors available. Enable parallel compilation to reduce compilation time.
+-------------------------------------+
; Parallel Compilation                ;
+----------------------------+--------+
; Processors                 ; Number ;
+----------------------------+--------+
; Number detected on machine ; 2      ;
; Maximum allowed            ; 1      ;
+----------------------------+--------+


+----------------------------------------------------------------------------------------------------------------------------+
; Analysis & Synthesis Source Files Read                                                                                     ;
+----------------------------------+-----------------+-----------------+-------------------------------------------+---------+
; File Name with User-Entered Path ; Used in Netlist ; File Type       ; File Name with Absolute Path              ; Library ;
+----------------------------------+-----------------+-----------------+-------------------------------------------+---------+
; UART_5.vhd                       ; yes             ; User VHDL File  ; C:/altera/13.0sp1/Curso/UART_5/UART_5.vhd ;         ;
; TX.vhd                           ; yes             ; User VHDL File  ; C:/altera/13.0sp1/Curso/UART_5/TX.vhd     ;         ;
; RX.vhd                           ; yes             ; User VHDL File  ; C:/altera/13.0sp1/Curso/UART_5/RX.vhd     ;         ;
+----------------------------------+-----------------+-----------------+-------------------------------------------+---------+


+-----------------------------------------------------+
; Analysis & Synthesis Resource Usage Summary         ;
+---------------------------------------------+-------+
; Resource                                    ; Usage ;
+---------------------------------------------+-------+
; Estimated Total logic elements              ; 218   ;
;                                             ;       ;
; Total combinational functions               ; 170   ;
; Logic element usage by number of LUT inputs ;       ;
;     -- 4 input functions                    ; 83    ;
;     -- 3 input functions                    ; 53    ;
;     -- <=2 input functions                  ; 34    ;
;                                             ;       ;
; Logic elements by mode                      ;       ;
;     -- normal mode                          ; 146   ;
;     -- arithmetic mode                      ; 24    ;
;                                             ;       ;
; Total registers                             ; 131   ;
;     -- Dedicated logic registers            ; 131   ;
;     -- I/O registers                        ; 0     ;
;                                             ;       ;
; I/O pins                                    ; 48    ;
; Embedded Multiplier 9-bit elements          ; 0     ;
; Maximum fan-out node                        ; CLK   ;
; Maximum fan-out                             ; 131   ;
; Total fan-out                               ; 969   ;
; Average fan-out                             ; 2.78  ;
+---------------------------------------------+-------+


+-------------------------------------------------------------------------------------------------------------------------------------------------------------------------------------+
; Analysis & Synthesis Resource Utilization by Entity                                                                                                                                 ;
+----------------------------+-------------------+--------------+-------------+--------------+---------+-----------+------+--------------+-----------------------------+--------------+
; Compilation Hierarchy Node ; LC Combinationals ; LC Registers ; Memory Bits ; DSP Elements ; DSP 9x9 ; DSP 18x18 ; Pins ; Virtual Pins ; Full Hierarchy Name         ; Library Name ;
+----------------------------+-------------------+--------------+-------------+--------------+---------+-----------+------+--------------+-----------------------------+--------------+
; |UART_5                    ; 170 (54)          ; 131 (73)     ; 0           ; 0            ; 0       ; 0         ; 48   ; 0            ; |UART_5                     ; work         ;
;    |RX:UART_RX_instance|   ; 72 (72)           ; 28 (28)      ; 0           ; 0            ; 0       ; 0         ; 0    ; 0            ; |UART_5|RX:UART_RX_instance ; work         ;
;    |TX:UART_TX_instance|   ; 44 (44)           ; 30 (30)      ; 0           ; 0            ; 0       ; 0         ; 0    ; 0            ; |UART_5|TX:UART_TX_instance ; work         ;
+----------------------------+-------------------+--------------+-------------+--------------+---------+-----------+------+--------------+-----------------------------+--------------+
Note: For table entries with two numbers listed, the numbers in parentheses indicate the number of resources of the given type used by the specific entity alone. The numbers listed outside of parentheses indicate the total resources of the given type used by the specific entity and all of its sub-entities in the hierarchy.


Encoding Type:  One-Hot
+-----------------------------------------------------------------------------------------+
; State Machine - |UART_5|RX:UART_RX_instance|state                                       ;
+------------------+-----------------+------------------+------------------+--------------+
; Name             ; state.s_stopBit ; state.s_dataBits ; state.s_startBit ; state.s_idle ;
+------------------+-----------------+------------------+------------------+--------------+
; state.s_idle     ; 0               ; 0                ; 0                ; 0            ;
; state.s_startBit ; 0               ; 0                ; 1                ; 1            ;
; state.s_dataBits ; 0               ; 1                ; 0                ; 1            ;
; state.s_stopBit  ; 1               ; 0                ; 0                ; 1            ;
+------------------+-----------------+------------------+------------------+--------------+


Encoding Type:  One-Hot
+-----------------------------------------------------------------------------------------+
; State Machine - |UART_5|TX:UART_TX_instance|state                                       ;
+------------------+-----------------+------------------+------------------+--------------+
; Name             ; state.s_stopBit ; state.s_dataBits ; state.s_startBit ; state.s_idle ;
+------------------+-----------------+------------------+------------------+--------------+
; state.s_idle     ; 0               ; 0                ; 0                ; 0            ;
; state.s_startBit ; 0               ; 0                ; 1                ; 1            ;
; state.s_dataBits ; 0               ; 1                ; 0                ; 1            ;
; state.s_stopBit  ; 1               ; 0                ; 0                ; 1            ;
+------------------+-----------------+------------------+------------------+--------------+


+------------------------------------------------------+
; General Register Statistics                          ;
+----------------------------------------------+-------+
; Statistic                                    ; Value ;
+----------------------------------------------+-------+
; Total registers                              ; 131   ;
; Number of registers using Synchronous Clear  ; 13    ;
; Number of registers using Synchronous Load   ; 13    ;
; Number of registers using Asynchronous Clear ; 0     ;
; Number of registers using Asynchronous Load  ; 0     ;
; Number of registers using Clock Enable       ; 80    ;
; Number of registers using Preset             ; 0     ;
+----------------------------------------------+-------+


+-------------------------------------------------------------------------------------------------------------------------------------------------------+
; Multiplexer Restructuring Statistics (Restructuring Performed)                                                                                        ;
+--------------------+-----------+---------------+----------------------+------------------------+------------+-----------------------------------------+
; Multiplexer Inputs ; Bus Width ; Baseline Area ; Area if Restructured ; Saving if Restructured ; Registered ; Example Multiplexer Output              ;
+--------------------+-----------+---------------+----------------------+------------------------+------------+-----------------------------------------+
; 6:1                ; 13 bits   ; 52 LEs        ; 13 LEs               ; 39 LEs                 ; Yes        ; |UART_5|RX:UART_RX_instance|clkCount[9] ;
; 3:1                ; 3 bits    ; 6 LEs         ; 6 LEs                ; 0 LEs                  ; No         ; |UART_5|RX:UART_RX_instance|dataIndex   ;
; 3:1                ; 3 bits    ; 6 LEs         ; 6 LEs                ; 0 LEs                  ; No         ; |UART_5|TX:UART_TX_instance|dataIndex   ;
+--------------------+-----------+---------------+----------------------+------------------------+------------+-----------------------------------------+


+------------------------------------------------------------------+
; Parameter Settings for User Entity Instance: TX:UART_TX_instance ;
+----------------+-------+-----------------------------------------+
; Parameter Name ; Value ; Type                                    ;
+----------------+-------+-----------------------------------------+
; g_clks_per_bit ; 5208  ; Signed Integer                          ;
+----------------+-------+-----------------------------------------+
Note: In order to hide this table in the UI and the text report file, please set the "Show Parameter Settings in Synthesis Report" option in "Analysis and Synthesis Settings -> More Settings" to "Off".


+------------------------------------------------------------------+
; Parameter Settings for User Entity Instance: RX:UART_RX_instance ;
+---------------------+-------+------------------------------------+
; Parameter Name      ; Value ; Type                               ;
+---------------------+-------+------------------------------------+
; g_clks_per_bit      ; 5208  ; Signed Integer                     ;
; g_clks_per_half_bit ; 2604  ; Signed Integer                     ;
+---------------------+-------+------------------------------------+
Note: In order to hide this table in the UI and the text report file, please set the "Show Parameter Settings in Synthesis Report" option in "Analysis and Synthesis Settings -> More Settings" to "Off".


+-------------------------------------------------------------------------------------------------------------------------+
; Port Connectivity Checks: "RX:UART_RX_instance"                                                                         ;
+---------------+--------+----------+-------------------------------------------------------------------------------------+
; Port          ; Type   ; Severity ; Details                                                                             ;
+---------------+--------+----------+-------------------------------------------------------------------------------------+
; rx_data_valid ; Output ; Info     ; Connected to dangling logic. Logic that only feeds a dangling port will be removed. ;
+---------------+--------+----------+-------------------------------------------------------------------------------------+


+-------------------------------------------------------------------------------------------------------------------+
; Port Connectivity Checks: "TX:UART_TX_instance"                                                                   ;
+---------+--------+----------+-------------------------------------------------------------------------------------+
; Port    ; Type   ; Severity ; Details                                                                             ;
+---------+--------+----------+-------------------------------------------------------------------------------------+
; tx_done ; Output ; Info     ; Connected to dangling logic. Logic that only feeds a dangling port will be removed. ;
+---------+--------+----------+-------------------------------------------------------------------------------------+


+-------------------------------+
; Elapsed Time Per Partition    ;
+----------------+--------------+
; Partition Name ; Elapsed Time ;
+----------------+--------------+
; Top            ; 00:00:02     ;
+----------------+--------------+


+-------------------------------+
; Analysis & Synthesis Messages ;
+-------------------------------+
Info: *******************************************************************
Info: Running Quartus II 64-Bit Analysis & Synthesis
    Info: Version 13.0.1 Build 232 06/12/2013 Service Pack 1 SJ Web Edition
    Info: Processing started: Fri May 26 18:10:39 2023
Info: Command: quartus_map --read_settings_files=on --write_settings_files=off UART_5 -c UART_5
Warning (20028): Parallel compilation is not licensed and has been disabled
Info (12021): Found 2 design units, including 1 entities, in source file uart_5.vhd
    Info (12022): Found design unit 1: UART_5-arch
    Info (12023): Found entity 1: UART_5
Info (12021): Found 2 design units, including 1 entities, in source file tx.vhd
    Info (12022): Found design unit 1: TX-arch
    Info (12023): Found entity 1: TX
Info (12021): Found 2 design units, including 1 entities, in source file rx.vhd
    Info (12022): Found design unit 1: RX-arch
    Info (12023): Found entity 1: RX
Info (12127): Elaborating entity "UART_5" for the top level hierarchy
Warning (10036): Verilog HDL or VHDL warning at UART_5.vhd(34): object "done_TX" assigned a value but never read
Warning (10036): Verilog HDL or VHDL warning at UART_5.vhd(36): object "dataValid_RX" assigned a value but never read
Info (12128): Elaborating entity "TX" for hierarchy "TX:UART_TX_instance"
Info (12128): Elaborating entity "RX" for hierarchy "RX:UART_RX_instance"
Info (276014): Found 1 instances of uninferred RAM logic
    Info (276004): RAM logic "mem" is uninferred due to inappropriate RAM size
Info (16010): Generating hard_block partition "hard_block:auto_generated_inst"
    Info (16011): Adding 0 node(s), including 0 DDIO, 0 PLL, 0 transceiver and 0 LCELL
Info (21057): Implemented 267 device resources after synthesis - the final resource count might be different
    Info (21058): Implemented 15 input pins
    Info (21059): Implemented 33 output pins
    Info (21061): Implemented 219 logic cells
Info: Quartus II 64-Bit Analysis & Synthesis was successful. 0 errors, 3 warnings
    Info: Peak virtual memory: 4641 megabytes
    Info: Processing ended: Fri May 26 18:10:50 2023
    Info: Elapsed time: 00:00:11
    Info: Total CPU time (on all processors): 00:00:04


